<?xml version="1.0" encoding="UTF-8" ?>

<testsuite failures="0" time="0.042" errors="0" skipped="0" tests="6" name="BasicTest">
  <testcase classname="BasicTest" name="craetePost" time="0.003">
      </testcase>
  <testcase classname="BasicTest" name="useTheCommentsRelation" time="0.005">
      </testcase>
  <testcase classname="BasicTest" name="postComments" time="0.003">
      </testcase>
  <testcase classname="BasicTest" name="testTags" time="0.009">
      </testcase>
  <testcase classname="BasicTest" name="createAndRetrivuUser" time="0.002">
      </testcase>
  <testcase classname="BasicTest" name="fullTset" time="0.02">
      </testcase>
</testsuite>